Using pre-set license
Built from '2020.3/staging' branch; Version is '2020.3.16f1 (049d6eca3c44) revision 302446'; Using compiler version '192528614'; Build Type 'Release'
OS: 'Windows 10 Pro; OS build 19041.1415; Version 2004; 64bit' Language: 'en' Physical Memory: 14229 MB
BatchMode: 1, IsHumanControllingUs: 0, StartBugReporterOnCrash: 0, Is64bit: 1, IsPro: 0

 COMMAND LINE ARGUMENTS:
C:\Program Files\Unity\Hub\Editor\2020.3.16f1\Editor\Unity.exe
-adb2
-batchMode
-noUpm
-name
AssetImportWorker0
-projectPath
E:/Tiles jump/Tile jump
-logFile
Logs/AssetImportWorker0.log
-srvPort
51327
Successfully changed project path to: E:/Tiles jump/Tile jump
E:/Tiles jump/Tile jump
Using Asset Import Pipeline V2.
Refreshing native plugins compatible for Editor in 24.16 ms, found 2 plugins.
Preloading 0 native plugins for Editor in 0.00 ms.
Initialize engine version: 2020.3.16f1 (049d6eca3c44)
[Subsystems] Discovering subsystems at path C:/Program Files/Unity/Hub/Editor/2020.3.16f1/Editor/Data/Resources/UnitySubsystems
[Subsystems] Discovering subsystems at path E:/Tiles jump/Tile jump/Assets
GfxDevice: creating device client; threaded=0
Direct3D:
    Version:  Direct3D 11.0 [level 11.1]
    Renderer: AMD Radeon(TM) Graphics (ID=0x1638)
    Vendor:   
    VRAM:     7114 MB
    Driver:   30.0.14023.3004
Initialize mono
Mono path[0] = 'C:/Program Files/Unity/Hub/Editor/2020.3.16f1/Editor/Data/Managed'
Mono path[1] = 'C:/Program Files/Unity/Hub/Editor/2020.3.16f1/Editor/Data/MonoBleedingEdge/lib/mono/unityjit'
Mono config path = 'C:/Program Files/Unity/Hub/Editor/2020.3.16f1/Editor/Data/MonoBleedingEdge/etc'
Using monoOptions --debugger-agent=transport=dt_socket,embedding=1,server=y,suspend=n,address=127.0.0.1:56560
Begin MonoManager ReloadAssembly
Registering precompiled unity dll's ...
Register platform support module: C:/Program Files/Unity/Hub/Editor/2020.3.16f1/Editor/Data/PlaybackEngines/WebGLSupport/UnityEditor.WebGL.Extensions.dll
Register platform support module: C:/Program Files/Unity/Hub/Editor/2020.3.16f1/Editor/Data/PlaybackEngines/WindowsStandaloneSupport/UnityEditor.WindowsStandalone.Extensions.dll
Registered in 0.001659 seconds.
Native extension for WindowsStandalone target not found
Native extension for WebGL target not found
Refreshing native plugins compatible for Editor in 23.49 ms, found 2 plugins.
Preloading 0 native plugins for Editor in 0.00 ms.
Mono: successfully reloaded assembly
- Completed reload, in  1.374 seconds
Domain Reload Profiling:
	ReloadAssembly (1374ms)
		BeginReloadAssembly (37ms)
			ExecutionOrderSort (0ms)
			DisableScriptedObjects (0ms)
			BackupInstance (0ms)
			ReleaseScriptingObjects (0ms)
			CreateAndSetChildDomain (1ms)
		EndReloadAssembly (275ms)
			LoadAssemblies (36ms)
			RebuildTransferFunctionScriptingTraits (0ms)
			SetupTypeCache (95ms)
			ReleaseScriptCaches (0ms)
			RebuildScriptCaches (19ms)
			SetupLoadedEditorAssemblies (111ms)
				LogAssemblyErrors (0ms)
				InitializePlatformSupportModulesInManaged (4ms)
				SetLoadedEditorAssemblies (0ms)
				RefreshPlugins (24ms)
				BeforeProcessingInitializeOnLoad (11ms)
				ProcessInitializeOnLoadAttributes (53ms)
				ProcessInitializeOnLoadMethodAttributes (19ms)
				AfterProcessingInitializeOnLoad (0ms)
				EditorAssembliesLoaded (0ms)
			ExecutionOrderSort2 (0ms)
			AwakeInstancesAfterBackupRestoration (0ms)
Platform modules already initialized, skipping
Registering precompiled user dll's ...
Registered in 0.002473 seconds.
Begin MonoManager ReloadAssembly
Native extension for WindowsStandalone target not found
Native extension for WebGL target not found
Refreshing native plugins compatible for Editor in 0.36 ms, found 2 plugins.
Preloading 0 native plugins for Editor in 0.00 ms.
Mono: successfully reloaded assembly
- Completed reload, in  0.732 seconds
Domain Reload Profiling:
	ReloadAssembly (733ms)
		BeginReloadAssembly (93ms)
			ExecutionOrderSort (0ms)
			DisableScriptedObjects (3ms)
			BackupInstance (0ms)
			ReleaseScriptingObjects (0ms)
			CreateAndSetChildDomain (15ms)
		EndReloadAssembly (598ms)
			LoadAssemblies (58ms)
			RebuildTransferFunctionScriptingTraits (0ms)
			SetupTypeCache (173ms)
			ReleaseScriptCaches (0ms)
			RebuildScriptCaches (29ms)
			SetupLoadedEditorAssemblies (282ms)
				LogAssemblyErrors (0ms)
				InitializePlatformSupportModulesInManaged (4ms)
				SetLoadedEditorAssemblies (0ms)
				RefreshPlugins (0ms)
				BeforeProcessingInitializeOnLoad (54ms)
				ProcessInitializeOnLoadAttributes (216ms)
				ProcessInitializeOnLoadMethodAttributes (3ms)
				AfterProcessingInitializeOnLoad (4ms)
				EditorAssembliesLoaded (0ms)
			ExecutionOrderSort2 (0ms)
			AwakeInstancesAfterBackupRestoration (5ms)
Platform modules already initialized, skipping
========================================================================
Worker process is ready to serve import requests
Launched and connected shader compiler UnityShaderCompiler.exe after 0.03 seconds
Refreshing native plugins compatible for Editor in 0.37 ms, found 2 plugins.
Preloading 0 native plugins for Editor in 0.00 ms.
Unloading 1600 Unused Serialized files (Serialized files now loaded: 0)
System memory in use before: 75.4 MB.
System memory in use after: 75.4 MB.

Unloading 22 unused Assets to reduce memory usage. Loaded Objects now: 2045.
Total: 2.483200 ms (FindLiveObjects: 0.148600 ms CreateObjectMapping: 0.053800 ms MarkObjects: 2.223500 ms  DeleteObjects: 0.056700 ms)

AssetImportParameters requested are different than current active one (requested -> active):
  custom:framework-win-MediaFoundation: 216162199b28c13a410421893ffa2e32 -> 
  custom:video-decoder-ogg-theora: a1e56fd34408186e4bbccfd4996cb3dc -> 
  custom:container-muxer-webm: aa71ff27fc2769a1b78a27578f13a17b -> 
  custom:container-demuxer-webm: 4f35f7cbe854078d1ac9338744f61a02 -> 
  custom:container-demuxer-ogg: 62fdf1f143b41e24485cea50d1cbac27 -> 
  custom:video-encoder-webm-vp8: eb34c28f22e8b96e1ab97ce403110664 -> 
  custom:video-decoder-webm-vp8: 9c59270c3fd7afecdb556c50c9e8de78 -> 
  custom:audio-decoder-ogg-vorbis: bf7c407c2cedff20999df2af8eb42d56 -> 
  custom:audio-encoder-webm-vorbis: bf7c407c2cedff20999df2af8eb42d56 -> 
========================================================================
Received Import Request.
  path: Assets/Prefabs/platformdiamond.prefab
  artifactKey: Guid(3531c6d8398b1cf42b0d41aec55bef59) Importer(815301076,1909f56bfc062723c751e8b465ee728b)
Start importing Assets/Prefabs/platformdiamond.prefab using Guid(3531c6d8398b1cf42b0d41aec55bef59) Importer(815301076,1909f56bfc062723c751e8b465ee728b)  -> (artifact id: 'b4bb8b7b859fefe3e493254baa69fe65') in 0.080738 seconds 
  Import took 0.083423 seconds .

========================================================================
Received Import Request.
  Time since last request: 13.372777 seconds.
  path: Assets/Prefabs/platformdiamond.prefab
  artifactKey: Guid(3531c6d8398b1cf42b0d41aec55bef59) Importer(815301076,1909f56bfc062723c751e8b465ee728b)
Start importing Assets/Prefabs/platformdiamond.prefab using Guid(3531c6d8398b1cf42b0d41aec55bef59) Importer(815301076,1909f56bfc062723c751e8b465ee728b)  -> (artifact id: 'af1eea96272ffa2c619771814704340a') in 0.009386 seconds 
  Import took 0.011940 seconds .

========================================================================
Received Import Request.
  Time since last request: 3.810881 seconds.
  path: Assets/Prefabs/platformdiamond.prefab
  artifactKey: Guid(3531c6d8398b1cf42b0d41aec55bef59) Importer(815301076,1909f56bfc062723c751e8b465ee728b)
Start importing Assets/Prefabs/platformdiamond.prefab using Guid(3531c6d8398b1cf42b0d41aec55bef59) Importer(815301076,1909f56bfc062723c751e8b465ee728b)  -> (artifact id: '23f9bcc26d50470f810d5f7b2757fe7b') in 0.008277 seconds 
  Import took 0.011336 seconds .

========================================================================
Received Import Request.
  Time since last request: 6.032860 seconds.
  path: Assets/Prefabs/platformdiamond.prefab
  artifactKey: Guid(3531c6d8398b1cf42b0d41aec55bef59) Importer(815301076,1909f56bfc062723c751e8b465ee728b)
Start importing Assets/Prefabs/platformdiamond.prefab using Guid(3531c6d8398b1cf42b0d41aec55bef59) Importer(815301076,1909f56bfc062723c751e8b465ee728b)  -> (artifact id: '0b34a2efe84642e4136c3139885bc7c4') in 0.008482 seconds 
  Import took 0.011609 seconds .

========================================================================
Received Import Request.
  Time since last request: 4.215327 seconds.
  path: Assets/Prefabs/platformdiamond.prefab
  artifactKey: Guid(3531c6d8398b1cf42b0d41aec55bef59) Importer(815301076,1909f56bfc062723c751e8b465ee728b)
Start importing Assets/Prefabs/platformdiamond.prefab using Guid(3531c6d8398b1cf42b0d41aec55bef59) Importer(815301076,1909f56bfc062723c751e8b465ee728b)  -> (artifact id: '20bef035508cebc3aef6e4d18098d68c') in 0.008616 seconds 
  Import took 0.011688 seconds .

========================================================================
Received Import Request.
  Time since last request: 2.208245 seconds.
  path: Assets/Prefabs/platformdiamond.prefab
  artifactKey: Guid(3531c6d8398b1cf42b0d41aec55bef59) Importer(815301076,1909f56bfc062723c751e8b465ee728b)
Start importing Assets/Prefabs/platformdiamond.prefab using Guid(3531c6d8398b1cf42b0d41aec55bef59) Importer(815301076,1909f56bfc062723c751e8b465ee728b)  -> (artifact id: '659aaa55962e94519de7b0ef86c24828') in 0.008354 seconds 
  Import took 0.011213 seconds .

========================================================================
Received Import Request.
  Time since last request: 6.232635 seconds.
  path: Assets/Prefabs/platformdiamond.prefab
  artifactKey: Guid(3531c6d8398b1cf42b0d41aec55bef59) Importer(815301076,1909f56bfc062723c751e8b465ee728b)
Start importing Assets/Prefabs/platformdiamond.prefab using Guid(3531c6d8398b1cf42b0d41aec55bef59) Importer(815301076,1909f56bfc062723c751e8b465ee728b)  -> (artifact id: '0e39c647fe614cb06c7cecc4f74f89c7') in 0.007801 seconds 
  Import took 0.010687 seconds .

========================================================================
Received Import Request.
  Time since last request: 3.208052 seconds.
  path: Assets/Prefabs/platformdiamond.prefab
  artifactKey: Guid(3531c6d8398b1cf42b0d41aec55bef59) Importer(815301076,1909f56bfc062723c751e8b465ee728b)
Start importing Assets/Prefabs/platformdiamond.prefab using Guid(3531c6d8398b1cf42b0d41aec55bef59) Importer(815301076,1909f56bfc062723c751e8b465ee728b)  -> (artifact id: '424f026b59c74d2266e0f8dee7b6bac3') in 0.008336 seconds 
  Import took 0.011373 seconds .

========================================================================
Received Import Request.
  Time since last request: 2.211039 seconds.
  path: Assets/Prefabs/platformdiamond.prefab
  artifactKey: Guid(3531c6d8398b1cf42b0d41aec55bef59) Importer(815301076,1909f56bfc062723c751e8b465ee728b)
Start importing Assets/Prefabs/platformdiamond.prefab using Guid(3531c6d8398b1cf42b0d41aec55bef59) Importer(815301076,1909f56bfc062723c751e8b465ee728b)  -> (artifact id: '6b7fb58c5edd4f487aba7c6e7dbf053c') in 0.008307 seconds 
  Import took 0.011393 seconds .

========================================================================
Received Import Request.
  Time since last request: 7.250189 seconds.
  path: Assets/Prefabs/platformdiamond.prefab
  artifactKey: Guid(3531c6d8398b1cf42b0d41aec55bef59) Importer(815301076,1909f56bfc062723c751e8b465ee728b)
Start importing Assets/Prefabs/platformdiamond.prefab using Guid(3531c6d8398b1cf42b0d41aec55bef59) Importer(815301076,1909f56bfc062723c751e8b465ee728b)  -> (artifact id: '0b441b9afd2bb05adb493e837127d889') in 0.008769 seconds 
  Import took 0.011775 seconds .

========================================================================
Received Import Request.
  Time since last request: 5.217031 seconds.
  path: Assets/Prefabs/platformdiamond.prefab
  artifactKey: Guid(3531c6d8398b1cf42b0d41aec55bef59) Importer(815301076,1909f56bfc062723c751e8b465ee728b)
Start importing Assets/Prefabs/platformdiamond.prefab using Guid(3531c6d8398b1cf42b0d41aec55bef59) Importer(815301076,1909f56bfc062723c751e8b465ee728b)  -> (artifact id: '31cebf67ca8226c6be888d42b1379258') in 0.007886 seconds 
  Import took 0.010649 seconds .

========================================================================
Received Prepare
Registering precompiled user dll's ...
Registered in 0.002165 seconds.
Begin MonoManager ReloadAssembly
Native extension for WindowsStandalone target not found
Native extension for WebGL target not found
Refreshing native plugins compatible for Editor in 0.36 ms, found 2 plugins.
Preloading 0 native plugins for Editor in 0.00 ms.
Mono: successfully reloaded assembly
- Completed reload, in  0.683 seconds
Domain Reload Profiling:
	ReloadAssembly (684ms)
		BeginReloadAssembly (79ms)
			ExecutionOrderSort (0ms)
			DisableScriptedObjects (3ms)
			BackupInstance (0ms)
			ReleaseScriptingObjects (0ms)
			CreateAndSetChildDomain (27ms)
		EndReloadAssembly (563ms)
			LoadAssemblies (56ms)
			RebuildTransferFunctionScriptingTraits (0ms)
			SetupTypeCache (169ms)
			ReleaseScriptCaches (1ms)
			RebuildScriptCaches (25ms)
			SetupLoadedEditorAssemblies (250ms)
				LogAssemblyErrors (0ms)
				InitializePlatformSupportModulesInManaged (4ms)
				SetLoadedEditorAssemblies (0ms)
				RefreshPlugins (0ms)
				BeforeProcessingInitializeOnLoad (48ms)
				ProcessInitializeOnLoadAttributes (190ms)
				ProcessInitializeOnLoadMethodAttributes (2ms)
				AfterProcessingInitializeOnLoad (4ms)
				EditorAssembliesLoaded (0ms)
			ExecutionOrderSort2 (0ms)
			AwakeInstancesAfterBackupRestoration (4ms)
Platform modules already initialized, skipping
Switching build target platform(19) subTarget(0) extendedPlatform(0) -> platform(13) subTarget(537395200) extendedPlatform(0)
Refreshing native plugins compatible for Editor in 0.37 ms, found 2 plugins.
Preloading 0 native plugins for Editor in 0.00 ms.
Unloading 1580 Unused Serialized files (Serialized files now loaded: 0)
System memory in use before: 76.5 MB.
System memory in use after: 76.6 MB.

Unloading 17 unused Assets to reduce memory usage. Loaded Objects now: 2055.
Total: 2.522500 ms (FindLiveObjects: 0.154800 ms CreateObjectMapping: 0.043800 ms MarkObjects: 2.307800 ms  DeleteObjects: 0.015400 ms)

AssetImportParameters requested are different than current active one (requested -> active):
  custom:framework-win-MediaFoundation: 216162199b28c13a410421893ffa2e32 -> 
  custom:video-decoder-ogg-theora: a1e56fd34408186e4bbccfd4996cb3dc -> 
  custom:container-muxer-webm: aa71ff27fc2769a1b78a27578f13a17b -> 
  custom:container-demuxer-webm: 4f35f7cbe854078d1ac9338744f61a02 -> 
  custom:container-demuxer-ogg: 62fdf1f143b41e24485cea50d1cbac27 -> 
  custom:video-encoder-webm-vp8: eb34c28f22e8b96e1ab97ce403110664 -> 
  custom:video-decoder-webm-vp8: 9c59270c3fd7afecdb556c50c9e8de78 -> 
  custom:graphics/normal-map-encoding: 01000000000000000000000000000000 -> 02000000000000000000000000000000
  custom:audio-decoder-ogg-vorbis: bf7c407c2cedff20999df2af8eb42d56 -> 
  custom:audio-encoder-webm-vorbis: bf7c407c2cedff20999df2af8eb42d56 -> 
========================================================================
Received Prepare
Refreshing native plugins compatible for Editor in 1.93 ms, found 2 plugins.
Preloading 0 native plugins for Editor in 0.00 ms.
Unloading 14 Unused Serialized files (Serialized files now loaded: 0)
System memory in use before: 45.7 MB.
System memory in use after: 45.8 MB.

Unloading 14 unused Assets to reduce memory usage. Loaded Objects now: 2055.
Total: 2.453000 ms (FindLiveObjects: 0.143300 ms CreateObjectMapping: 0.030600 ms MarkObjects: 2.266200 ms  DeleteObjects: 0.012600 ms)

AssetImportParameters requested are different than current active one (requested -> active):
  custom:framework-win-MediaFoundation: 216162199b28c13a410421893ffa2e32 -> 
  custom:video-decoder-ogg-theora: a1e56fd34408186e4bbccfd4996cb3dc -> 
  custom:container-muxer-webm: aa71ff27fc2769a1b78a27578f13a17b -> 
  custom:container-demuxer-webm: 4f35f7cbe854078d1ac9338744f61a02 -> 
  custom:container-demuxer-ogg: 62fdf1f143b41e24485cea50d1cbac27 -> 
  custom:video-encoder-webm-vp8: eb34c28f22e8b96e1ab97ce403110664 -> 
  custom:video-decoder-webm-vp8: 9c59270c3fd7afecdb556c50c9e8de78 -> 
  custom:audio-decoder-ogg-vorbis: bf7c407c2cedff20999df2af8eb42d56 -> 
  custom:audio-encoder-webm-vorbis: bf7c407c2cedff20999df2af8eb42d56 -> 
========================================================================
Received Import Request.
  Time since last request: 113.644565 seconds.
  path: Assets/Prefabs/platformdiamond.prefab
  artifactKey: Guid(3531c6d8398b1cf42b0d41aec55bef59) Importer(815301076,1909f56bfc062723c751e8b465ee728b)
Start importing Assets/Prefabs/platformdiamond.prefab using Guid(3531c6d8398b1cf42b0d41aec55bef59) Importer(815301076,1909f56bfc062723c751e8b465ee728b)  -> (artifact id: 'fb9f7232410af5f622f8afb339cd7044') in 0.041315 seconds 
  Import took 0.044245 seconds .

========================================================================
Received Import Request.
  Time since last request: 3.963039 seconds.
  path: Assets/Prefabs/platformdiamond.prefab
  artifactKey: Guid(3531c6d8398b1cf42b0d41aec55bef59) Importer(815301076,1909f56bfc062723c751e8b465ee728b)
Start importing Assets/Prefabs/platformdiamond.prefab using Guid(3531c6d8398b1cf42b0d41aec55bef59) Importer(815301076,1909f56bfc062723c751e8b465ee728b)  -> (artifact id: '4192de76952c1a4e2223dd0911c4673c') in 0.011622 seconds 
  Import took 0.014298 seconds .

========================================================================
Received Import Request.
  Time since last request: 2.203254 seconds.
  path: Assets/Prefabs/platformdiamond.prefab
  artifactKey: Guid(3531c6d8398b1cf42b0d41aec55bef59) Importer(815301076,1909f56bfc062723c751e8b465ee728b)
Start importing Assets/Prefabs/platformdiamond.prefab using Guid(3531c6d8398b1cf42b0d41aec55bef59) Importer(815301076,1909f56bfc062723c751e8b465ee728b)  -> (artifact id: '9bc17fdb0d94cff307905c02ce42e721') in 0.011034 seconds 
  Import took 0.013874 seconds .

========================================================================
Received Import Request.
  Time since last request: 4.203760 seconds.
  path: Assets/Prefabs/platformdiamond.prefab
  artifactKey: Guid(3531c6d8398b1cf42b0d41aec55bef59) Importer(815301076,1909f56bfc062723c751e8b465ee728b)
Start importing Assets/Prefabs/platformdiamond.prefab using Guid(3531c6d8398b1cf42b0d41aec55bef59) Importer(815301076,1909f56bfc062723c751e8b465ee728b)  -> (artifact id: '32ee591447a51b97a4e8d76cb537f422') in 0.010213 seconds 
  Import took 0.013090 seconds .

========================================================================
Received Import Request.
  Time since last request: 8.852794 seconds.
  path: Assets/Prefabs/platformdiamond.prefab
  artifactKey: Guid(3531c6d8398b1cf42b0d41aec55bef59) Importer(815301076,1909f56bfc062723c751e8b465ee728b)
Start importing Assets/Prefabs/platformdiamond.prefab using Guid(3531c6d8398b1cf42b0d41aec55bef59) Importer(815301076,1909f56bfc062723c751e8b465ee728b)  -> (artifact id: 'b442ed44b75976647f61274dab3b54d8') in 0.010602 seconds 
  Import took 0.014158 seconds .

========================================================================
Received Prepare
Refreshing native plugins compatible for Editor in 1.92 ms, found 2 plugins.
Preloading 0 native plugins for Editor in 0.00 ms.
Unloading 14 Unused Serialized files (Serialized files now loaded: 0)
System memory in use before: 46.0 MB.
System memory in use after: 46.1 MB.

Unloading 14 unused Assets to reduce memory usage. Loaded Objects now: 2056.
Total: 3.272500 ms (FindLiveObjects: 0.139600 ms CreateObjectMapping: 0.030400 ms MarkObjects: 3.090400 ms  DeleteObjects: 0.011400 ms)

AssetImportParameters requested are different than current active one (requested -> active):
  custom:framework-win-MediaFoundation: 216162199b28c13a410421893ffa2e32 -> 
  custom:video-decoder-ogg-theora: a1e56fd34408186e4bbccfd4996cb3dc -> 
  custom:container-muxer-webm: aa71ff27fc2769a1b78a27578f13a17b -> 
  custom:container-demuxer-webm: 4f35f7cbe854078d1ac9338744f61a02 -> 
  custom:container-demuxer-ogg: 62fdf1f143b41e24485cea50d1cbac27 -> 
  custom:video-encoder-webm-vp8: eb34c28f22e8b96e1ab97ce403110664 -> 
  custom:video-decoder-webm-vp8: 9c59270c3fd7afecdb556c50c9e8de78 -> 
  custom:audio-decoder-ogg-vorbis: bf7c407c2cedff20999df2af8eb42d56 -> 
  custom:audio-encoder-webm-vorbis: bf7c407c2cedff20999df2af8eb42d56 -> 
========================================================================
Received Prepare
Registering precompiled user dll's ...
Registered in 0.002235 seconds.
Begin MonoManager ReloadAssembly
Native extension for WindowsStandalone target not found
Native extension for WebGL target not found
Refreshing native plugins compatible for Editor in 0.53 ms, found 2 plugins.
Preloading 0 native plugins for Editor in 0.00 ms.
Mono: successfully reloaded assembly
- Completed reload, in  0.835 seconds
Domain Reload Profiling:
	ReloadAssembly (836ms)
		BeginReloadAssembly (90ms)
			ExecutionOrderSort (0ms)
			DisableScriptedObjects (3ms)
			BackupInstance (0ms)
			ReleaseScriptingObjects (0ms)
			CreateAndSetChildDomain (30ms)
		EndReloadAssembly (701ms)
			LoadAssemblies (59ms)
			RebuildTransferFunctionScriptingTraits (0ms)
			SetupTypeCache (205ms)
			ReleaseScriptCaches (1ms)
			RebuildScriptCaches (35ms)
			SetupLoadedEditorAssemblies (319ms)
				LogAssemblyErrors (0ms)
				InitializePlatformSupportModulesInManaged (6ms)
				SetLoadedEditorAssemblies (0ms)
				RefreshPlugins (1ms)
				BeforeProcessingInitializeOnLoad (66ms)
				ProcessInitializeOnLoadAttributes (239ms)
				ProcessInitializeOnLoadMethodAttributes (3ms)
				AfterProcessingInitializeOnLoad (4ms)
				EditorAssembliesLoaded (0ms)
			ExecutionOrderSort2 (0ms)
			AwakeInstancesAfterBackupRestoration (5ms)
Platform modules already initialized, skipping
Switching build target platform(19) subTarget(0) extendedPlatform(0) -> platform(13) subTarget(537395200) extendedPlatform(0)
Refreshing native plugins compatible for Editor in 0.36 ms, found 2 plugins.
Preloading 0 native plugins for Editor in 0.00 ms.
Unloading 1580 Unused Serialized files (Serialized files now loaded: 0)
System memory in use before: 76.5 MB.
System memory in use after: 76.6 MB.

Unloading 17 unused Assets to reduce memory usage. Loaded Objects now: 2058.
Total: 2.368300 ms (FindLiveObjects: 0.158400 ms CreateObjectMapping: 0.037000 ms MarkObjects: 2.157200 ms  DeleteObjects: 0.014700 ms)

AssetImportParameters requested are different than current active one (requested -> active):
  custom:framework-win-MediaFoundation: 216162199b28c13a410421893ffa2e32 -> 
  custom:video-decoder-ogg-theora: a1e56fd34408186e4bbccfd4996cb3dc -> 
  custom:container-muxer-webm: aa71ff27fc2769a1b78a27578f13a17b -> 
  custom:container-demuxer-webm: 4f35f7cbe854078d1ac9338744f61a02 -> 
  custom:container-demuxer-ogg: 62fdf1f143b41e24485cea50d1cbac27 -> 
  custom:video-encoder-webm-vp8: eb34c28f22e8b96e1ab97ce403110664 -> 
  custom:video-decoder-webm-vp8: 9c59270c3fd7afecdb556c50c9e8de78 -> 
  custom:graphics/normal-map-encoding: 01000000000000000000000000000000 -> 02000000000000000000000000000000
  custom:audio-decoder-ogg-vorbis: bf7c407c2cedff20999df2af8eb42d56 -> 
  custom:audio-encoder-webm-vorbis: bf7c407c2cedff20999df2af8eb42d56 -> 
========================================================================
Received Prepare
Refreshing native plugins compatible for Editor in 1.87 ms, found 2 plugins.
Preloading 0 native plugins for Editor in 0.00 ms.
Unloading 14 Unused Serialized files (Serialized files now loaded: 0)
System memory in use before: 45.8 MB.
System memory in use after: 45.9 MB.

Unloading 14 unused Assets to reduce memory usage. Loaded Objects now: 2058.
Total: 2.342900 ms (FindLiveObjects: 0.133500 ms CreateObjectMapping: 0.029700 ms MarkObjects: 2.168800 ms  DeleteObjects: 0.010200 ms)

AssetImportParameters requested are different than current active one (requested -> active):
  custom:framework-win-MediaFoundation: 216162199b28c13a410421893ffa2e32 -> 
  custom:video-decoder-ogg-theora: a1e56fd34408186e4bbccfd4996cb3dc -> 
  custom:container-muxer-webm: aa71ff27fc2769a1b78a27578f13a17b -> 
  custom:container-demuxer-webm: 4f35f7cbe854078d1ac9338744f61a02 -> 
  custom:container-demuxer-ogg: 62fdf1f143b41e24485cea50d1cbac27 -> 
  custom:video-encoder-webm-vp8: eb34c28f22e8b96e1ab97ce403110664 -> 
  custom:video-decoder-webm-vp8: 9c59270c3fd7afecdb556c50c9e8de78 -> 
  custom:audio-decoder-ogg-vorbis: bf7c407c2cedff20999df2af8eb42d56 -> 
  custom:audio-encoder-webm-vorbis: bf7c407c2cedff20999df2af8eb42d56 -> 
AssetImportWorkerClient::OnTransportError - code=2 error=End of file
